1631234579104	mozrunner::runner	INFO	Running command: "/usr/bin/firefox" "-marionette" "-foreground" "-no-remote" "-profile" "/tmp/rust_mozprofilej1d5ds"
/usr/lib/firefox/browser/defaults/preferences/00parrot.js:30: prefs parse error: unexpected character
/usr/lib/firefox/browser/defaults/syspref/00parrot.js:30: prefs parse error: unexpected character
console.error: Enterprise Policies: 
  Error parsing JSON file
1631234582525	Marionette	INFO	Marionette enabled
console.warn: SearchSettings: "get: No settings file exists, new profile?" (new NotFoundError("Could not open the file at /tmp/rust_mozprofilej1d5ds/search.json.mozlz4", (void 0)))
1631234597317	Marionette	INFO	Listening on port 37163
1631234599078	Marionette	WARN	TLS certificate errors will be ignored for this session
1631234635273	mozrunner::runner	INFO	Running command: "/usr/bin/firefox" "-marionette" "-foreground" "-no-remote" "-profile" "/tmp/rust_mozprofileMXPEbx"
/usr/lib/firefox/browser/defaults/preferences/00parrot.js:30: prefs parse error: unexpected character
/usr/lib/firefox/browser/defaults/syspref/00parrot.js:30: prefs parse error: unexpected character
console.error: Enterprise Policies: 
  Error parsing JSON file
1631234636752	Marionette	INFO	Marionette enabled
console.warn: SearchSettings: "get: No settings file exists, new profile?" (new NotFoundError("Could not open the file at /tmp/rust_mozprofileMXPEbx/search.json.mozlz4", (void 0)))
1631234643779	Marionette	INFO	Listening on port 37945
1631234645263	Marionette	WARN	TLS certificate errors will be ignored for this session
1631234860347	Marionette	INFO	Stopped listening on port 37163
1631234862213	Marionette	INFO	Stopped listening on port 37945
1631235419450	mozrunner::runner	INFO	Running command: "/usr/bin/firefox" "-marionette" "-foreground" "-no-remote" "-profile" "/tmp/rust_mozprofilecPYfeD"
/usr/lib/firefox/browser/defaults/preferences/00parrot.js:30: prefs parse error: unexpected character
/usr/lib/firefox/browser/defaults/syspref/00parrot.js:30: prefs parse error: unexpected character
console.error: Enterprise Policies: 
  Error parsing JSON file
1631235420024	Marionette	INFO	Marionette enabled
console.warn: SearchSettings: "get: No settings file exists, new profile?" (new NotFoundError("Could not open the file at /tmp/rust_mozprofilecPYfeD/search.json.mozlz4", (void 0)))
1631235424190	Marionette	INFO	Listening on port 38941
1631235425679	Marionette	WARN	TLS certificate errors will be ignored for this session
1631235511765	mozrunner::runner	INFO	Running command: "/usr/bin/firefox" "-marionette" "-foreground" "-no-remote" "-profile" "/tmp/rust_mozprofilea9xKnh"
/usr/lib/firefox/browser/defaults/preferences/00parrot.js:30: prefs parse error: unexpected character
/usr/lib/firefox/browser/defaults/syspref/00parrot.js:30: prefs parse error: unexpected character
console.error: Enterprise Policies: 
  Error parsing JSON file
1631235513672	Marionette	INFO	Marionette enabled
console.warn: SearchSettings: "get: No settings file exists, new profile?" (new NotFoundError("Could not open the file at /tmp/rust_mozprofilea9xKnh/search.json.mozlz4", (void 0)))
JavaScript error: resource://activity-stream/lib/ActivityStreamPrefs.jsm, line 27: NS_ERROR_ILLEGAL_VALUE: Component returned failure code: 0x80070057 (NS_ERROR_ILLEGAL_VALUE) [nsIPrefBranch.removeObserver]
console.log: "RemoteSettingsWorker error: Error: Can't import when we've started shutting down."
console.log: "RemoteSettingsWorker error: Error: Can't import when we've started shutting down."
console.log: "RemoteSettingsWorker error: Error: Can't import when we've started shutting down."
console.log: "RemoteSettingsWorker error: Error: Can't import when we've started shutting down."
console.log: "RemoteSettingsWorker error: Error: Can't import when we've started shutting down."
console.error: "Could not load engine google@search.mozilla.org: [Exception... \"AddonManager is not initialized\"  nsresult: \"0xc1f30001 (NS_ERROR_NOT_INITIALIZED)\"  location: \"JS frame :: resource://gre/modules/AddonManager.jsm :: installBuiltinAddon :: line 2536\"  data: no]"
console.error: "Could not load engine amazondotcom@search.mozilla.org: [Exception... \"AddonManager is not initialized\"  nsresult: \"0xc1f30001 (NS_ERROR_NOT_INITIALIZED)\"  location: \"JS frame :: resource://gre/modules/AddonManager.jsm :: installBuiltinAddon :: line 2536\"  data: no]"
console.error: "Could not load engine wikipedia@search.mozilla.org: [Exception... \"AddonManager is not initialized\"  nsresult: \"0xc1f30001 (NS_ERROR_NOT_INITIALIZED)\"  location: \"JS frame :: resource://gre/modules/AddonManager.jsm :: installBuiltinAddon :: line 2536\"  data: no]"
console.error: "Could not load engine bing@search.mozilla.org: [Exception... \"AddonManager is not initialized\"  nsresult: \"0xc1f30001 (NS_ERROR_NOT_INITIALIZED)\"  location: \"JS frame :: resource://gre/modules/AddonManager.jsm :: installBuiltinAddon :: line 2536\"  data: no]"
console.error: "Could not load engine ddg@search.mozilla.org: [Exception... \"AddonManager is not initialized\"  nsresult: \"0xc1f30001 (NS_ERROR_NOT_INITIALIZED)\"  location: \"JS frame :: resource://gre/modules/AddonManager.jsm :: installBuiltinAddon :: line 2536\"  data: no]"
console.warn: SearchService: "_init: abandoning init due to shutting down"
JavaScript error: resource://gre/modules/AsyncShutdown.jsm, line 575: uncaught exception: 2147500036
JavaScript error: resource://gre/modules/AsyncShutdown.jsm, line 575: uncaught exception: 2147500036
JavaScript error: resource://gre/modules/AsyncShutdown.jsm, line 575: uncaught exception: 2147500036
JavaScript error: resource://gre/modules/AsyncShutdown.jsm, line 575: uncaught exception: 2147500036
JavaScript error: resource://gre/modules/AsyncShutdown.jsm, line 575: uncaught exception: 2147500036
SourceActor threw an exception: [Exception... "Component returned failure code: 0x80470002 (NS_BASE_STREAM_CLOSED) [nsIInputStream.available]"  nsresult: "0x80470002 (NS_BASE_STREAM_CLOSED)"  location: "JS frame :: resource://devtools/shared/DevToolsUtils.js :: onResponse :: line 567"  data: no]
Stack: onResponse@resource://devtools/shared/DevToolsUtils.js:567:34
onStopRequest@resource://gre/modules/NetUtil.jsm:128:18
Line: 567, column: 0
console.error: ({})
JavaScript error: resource://devtools/shared/DevToolsUtils.js, line 567: NS_BASE_STREAM_CLOSED: Component returned failure code: 0x80470002 (NS_BASE_STREAM_CLOSED) [nsIInputStream.available]
JavaScript error: resource://gre/modules/CrashManager.jsm, line 829: AbortError: IOUtils: Shutting down and refusing additional I/O tasks
console.log: WebExtensions: reset-default-search: starting.
console.log: WebExtensions: reset-default-search: No addons in our list are installed.
JavaScript error: resource://activity-stream/lib/PersonalityProvider/PersonalityProvider.jsm, line 84: TypeError: http://%(server)s/dummy/blocklist// is not a valid URL.
1631236184737	mozrunner::runner	INFO	Running command: "/usr/bin/firefox" "-marionette" "-foreground" "-no-remote" "-profile" "/tmp/rust_mozprofileiUKTCM"
/usr/lib/firefox/browser/defaults/preferences/00parrot.js:30: prefs parse error: unexpected character
/usr/lib/firefox/browser/defaults/syspref/00parrot.js:30: prefs parse error: unexpected character
console.error: Enterprise Policies: 
  Error parsing JSON file
1631236186002	Marionette	INFO	Marionette enabled
console.warn: SearchSettings: "get: No settings file exists, new profile?" (new NotFoundError("Could not open the file at /tmp/rust_mozprofileiUKTCM/search.json.mozlz4", (void 0)))
1631236192422	Marionette	INFO	Listening on port 34459
1631236192976	Marionette	WARN	TLS certificate errors will be ignored for this session
1631236193460	Marionette	INFO	Stopped listening on port 38941

###!!! [Parent][RunMessage] Error: Channel closing: too late to send/recv, messages will be lost

1631236253535	Marionette	INFO	Stopped listening on port 34459
1631236313060	mozrunner::runner	INFO	Running command: "/usr/bin/firefox" "-marionette" "-foreground" "-no-remote" "-profile" "/tmp/rust_mozprofilennJZIr"
/usr/lib/firefox/browser/defaults/preferences/00parrot.js:30: prefs parse error: unexpected character
/usr/lib/firefox/browser/defaults/syspref/00parrot.js:30: prefs parse error: unexpected character
console.error: Enterprise Policies: 
  Error parsing JSON file
1631236313608	Marionette	INFO	Marionette enabled
console.warn: SearchSettings: "get: No settings file exists, new profile?" (new NotFoundError("Could not open the file at /tmp/rust_mozprofilennJZIr/search.json.mozlz4", (void 0)))
JavaScript error: resource://activity-stream/lib/ActivityStreamPrefs.jsm, line 27: NS_ERROR_ILLEGAL_VALUE: Component returned failure code: 0x80070057 (NS_ERROR_ILLEGAL_VALUE) [nsIPrefBranch.removeObserver]
console.error: Region.jsm: "Error fetching region" (new TypeError("NetworkError when attempting to fetch resource.", ""))
console.error: Region.jsm: "Failed to fetch region" (new Error("NO_RESULT", "resource://gre/modules/Region.jsm", 419))
console.log: "RemoteSettingsWorker error: Error: Can't import when we've started shutting down."
console.log: "RemoteSettingsWorker error: Error: Can't import when we've started shutting down."
console.log: "RemoteSettingsWorker error: Error: Can't import when we've started shutting down."
console.log: "RemoteSettingsWorker error: Error: Can't import when we've started shutting down."
console.log: "RemoteSettingsWorker error: Error: Can't import when we've started shutting down."
console.error: "Could not load engine google@search.mozilla.org: [Exception... \"AddonManager is not initialized\"  nsresult: \"0xc1f30001 (NS_ERROR_NOT_INITIALIZED)\"  location: \"JS frame :: resource://gre/modules/AddonManager.jsm :: installBuiltinAddon :: line 2536\"  data: no]"
console.error: "Could not load engine amazondotcom@search.mozilla.org: [Exception... \"AddonManager is not initialized\"  nsresult: \"0xc1f30001 (NS_ERROR_NOT_INITIALIZED)\"  location: \"JS frame :: resource://gre/modules/AddonManager.jsm :: installBuiltinAddon :: line 2536\"  data: no]"
console.error: "Could not load engine wikipedia@search.mozilla.org: [Exception... \"AddonManager is not initialized\"  nsresult: \"0xc1f30001 (NS_ERROR_NOT_INITIALIZED)\"  location: \"JS frame :: resource://gre/modules/AddonManager.jsm :: installBuiltinAddon :: line 2536\"  data: no]"
console.error: "Could not load engine bing@search.mozilla.org: [Exception... \"AddonManager is not initialized\"  nsresult: \"0xc1f30001 (NS_ERROR_NOT_INITIALIZED)\"  location: \"JS frame :: resource://gre/modules/AddonManager.jsm :: installBuiltinAddon :: line 2536\"  data: no]"
console.error: "Could not load engine ddg@search.mozilla.org: [Exception... \"AddonManager is not initialized\"  nsresult: \"0xc1f30001 (NS_ERROR_NOT_INITIALIZED)\"  location: \"JS frame :: resource://gre/modules/AddonManager.jsm :: installBuiltinAddon :: line 2536\"  data: no]"
console.warn: SearchService: "_init: abandoning init due to shutting down"
JavaScript error: , line 0: uncaught exception: 2147500036
JavaScript error: , line 0: uncaught exception: 2147500036
JavaScript error: , line 0: uncaught exception: 2147500036
JavaScript error: , line 0: uncaught exception: 2147500036
JavaScript error: , line 0: uncaught exception: 2147500036
console.error: PushService: 
  stateChangeProcessEnqueue: Error transitioning state
  AbortError
console.error: PushService: 
  clearOriginData: Error clearing origin data:
  AbortError
1631236327919	mozrunner::runner	INFO	Running command: "/usr/bin/firefox" "-marionette" "-foreground" "-no-remote" "-profile" "/tmp/rust_mozprofileDEb3hI"
/usr/lib/firefox/browser/defaults/preferences/00parrot.js:30: prefs parse error: unexpected character
/usr/lib/firefox/browser/defaults/syspref/00parrot.js:30: prefs parse error: unexpected character
console.error: Enterprise Policies: 
  Error parsing JSON file
1631236328559	Marionette	INFO	Marionette enabled
console.warn: SearchSettings: "get: No settings file exists, new profile?" (new NotFoundError("Could not open the file at /tmp/rust_mozprofileDEb3hI/search.json.mozlz4", (void 0)))
1631236334165	Marionette	INFO	Listening on port 39585
JavaScript error: resource://activity-stream/lib/ActivityStreamPrefs.jsm, line 27: NS_ERROR_ILLEGAL_VALUE: Component returned failure code: 0x80070057 (NS_ERROR_ILLEGAL_VALUE) [nsIPrefBranch.removeObserver]
console.error: Region.jsm: "Error fetching region" (new TypeError("NetworkError when attempting to fetch resource.", ""))
console.error: Region.jsm: "Failed to fetch region" (new Error("NO_RESULT", "resource://gre/modules/Region.jsm", 419))
console.error: (new Error("Connection closed before committing the transaction.", "resource://gre/modules/Sqlite.jsm", 687))
console.log: "RemoteSettingsWorker error: Error: Can't import when we've started shutting down."
JavaScript error: resource://activity-stream/lib/PlacesFeed.jsm, line 167: NS_ERROR_UNEXPECTED: Component returned failure code: 0x8000ffff (NS_ERROR_UNEXPECTED) [nsINavBookmarksService.addObserver]
console.log: "RemoteSettingsWorker error: Error: Can't import when we've started shutting down."
console.log: "RemoteSettingsWorker error: Error: Can't import when we've started shutting down."
console.log: "RemoteSettingsWorker error: Error: Can't import when we've started shutting down."
console.log: "RemoteSettingsWorker error: Error: Can't import when we've started shutting down."
console.error: "Could not load engine google@search.mozilla.org: [Exception... \"AddonManager is not initialized\"  nsresult: \"0xc1f30001 (NS_ERROR_NOT_INITIALIZED)\"  location: \"JS frame :: resource://gre/modules/AddonManager.jsm :: installBuiltinAddon :: line 2536\"  data: no]"
console.error: "Could not load engine amazondotcom@search.mozilla.org: [Exception... \"AddonManager is not initialized\"  nsresult: \"0xc1f30001 (NS_ERROR_NOT_INITIALIZED)\"  location: \"JS frame :: resource://gre/modules/AddonManager.jsm :: installBuiltinAddon :: line 2536\"  data: no]"
console.error: "Could not load engine wikipedia@search.mozilla.org: [Exception... \"AddonManager is not initialized\"  nsresult: \"0xc1f30001 (NS_ERROR_NOT_INITIALIZED)\"  location: \"JS frame :: resource://gre/modules/AddonManager.jsm :: installBuiltinAddon :: line 2536\"  data: no]"
console.error: "Could not load engine bing@search.mozilla.org: [Exception... \"AddonManager is not initialized\"  nsresult: \"0xc1f30001 (NS_ERROR_NOT_INITIALIZED)\"  location: \"JS frame :: resource://gre/modules/AddonManager.jsm :: installBuiltinAddon :: line 2536\"  data: no]"
console.error: "Could not load engine ddg@search.mozilla.org: [Exception... \"AddonManager is not initialized\"  nsresult: \"0xc1f30001 (NS_ERROR_NOT_INITIALIZED)\"  location: \"JS frame :: resource://gre/modules/AddonManager.jsm :: installBuiltinAddon :: line 2536\"  data: no]"
console.warn: SearchService: "_init: abandoning init due to shutting down"
JavaScript error: , line 0: uncaught exception: 2147500036
JavaScript error: , line 0: uncaught exception: 2147500036
JavaScript error: , line 0: uncaught exception: 2147500036
JavaScript error: , line 0: uncaught exception: 2147500036
JavaScript error: , line 0: uncaught exception: 2147500036
console.error: PushService: 
  stateChangeProcessEnqueue: Error transitioning state
  AbortError
console.error: PushService: 
  clearOriginData: Error clearing origin data:
  AbortError
1631236338165	Marionette	INFO	Stopped listening on port 39585

###!!! [Parent][RunMessage] Error: Channel closing: too late to send/recv, messages will be lost

1631236823470	mozrunner::runner	INFO	Running command: "/usr/bin/firefox" "-marionette" "-foreground" "-no-remote" "-profile" "/tmp/rust_mozprofileuwoQ0d"
/usr/lib/firefox/browser/defaults/preferences/00parrot.js:30: prefs parse error: unexpected character
/usr/lib/firefox/browser/defaults/syspref/00parrot.js:30: prefs parse error: unexpected character
console.error: Enterprise Policies: 
  Error parsing JSON file
1631236823930	Marionette	INFO	Marionette enabled
console.warn: SearchSettings: "get: No settings file exists, new profile?" (new NotFoundError("Could not open the file at /tmp/rust_mozprofileuwoQ0d/search.json.mozlz4", (void 0)))
1631236827975	Marionette	INFO	Listening on port 43829
1631236828443	Marionette	WARN	TLS certificate errors will be ignored for this session
1631236961159	Marionette	INFO	Stopped listening on port 43829

###!!! [Parent][RunMessage] Error: Channel closing: too late to send/recv, messages will be lost

1631236964177	mozrunner::runner	INFO	Running command: "/usr/bin/firefox" "-marionette" "-foreground" "-no-remote" "-profile" "/tmp/rust_mozprofilel1mn0E"
/usr/lib/firefox/browser/defaults/preferences/00parrot.js:30: prefs parse error: unexpected character
/usr/lib/firefox/browser/defaults/syspref/00parrot.js:30: prefs parse error: unexpected character
console.error: Enterprise Policies: 
  Error parsing JSON file
1631236964668	Marionette	INFO	Marionette enabled
console.warn: SearchSettings: "get: No settings file exists, new profile?" (new NotFoundError("Could not open the file at /tmp/rust_mozprofilel1mn0E/search.json.mozlz4", (void 0)))
1631236969804	Marionette	INFO	Listening on port 34397
1631236971280	Marionette	WARN	TLS certificate errors will be ignored for this session
1631237033978	Marionette	INFO	Stopped listening on port 34397

###!!! [Parent][RunMessage] Error: Channel closing: too late to send/recv, messages will be lost

1631237058146	mozrunner::runner	INFO	Running command: "/usr/bin/firefox" "-marionette" "-foreground" "-no-remote" "-profile" "/tmp/rust_mozprofile8o2SOI"
/usr/lib/firefox/browser/defaults/preferences/00parrot.js:30: prefs parse error: unexpected character
/usr/lib/firefox/browser/defaults/syspref/00parrot.js:30: prefs parse error: unexpected character
console.error: Enterprise Policies: 
  Error parsing JSON file
1631237058683	Marionette	INFO	Marionette enabled
console.warn: SearchSettings: "get: No settings file exists, new profile?" (new NotFoundError("Could not open the file at /tmp/rust_mozprofile8o2SOI/search.json.mozlz4", (void 0)))
1631237063767	Marionette	INFO	Listening on port 33077
1631237064223	Marionette	WARN	TLS certificate errors will be ignored for this session
1631237104906	mozrunner::runner	INFO	Running command: "/usr/bin/firefox" "-marionette" "-foreground" "-no-remote" "-profile" "/tmp/rust_mozprofilebcP6wv"
/usr/lib/firefox/browser/defaults/preferences/00parrot.js:30: prefs parse error: unexpected character
/usr/lib/firefox/browser/defaults/syspref/00parrot.js:30: prefs parse error: unexpected character
console.error: Enterprise Policies: 
  Error parsing JSON file
1631237105464	Marionette	INFO	Marionette enabled
1631237107815	Marionette	INFO	Stopped listening on port 33077
console.warn: SearchSettings: "get: No settings file exists, new profile?" (new NotFoundError("Could not open the file at /tmp/rust_mozprofilebcP6wv/search.json.mozlz4", (void 0)))
1631237110111	Marionette	INFO	Listening on port 37723
1631237111598	Marionette	WARN	TLS certificate errors will be ignored for this session
1631237160147	Marionette	INFO	Stopped listening on port 37723
1631237443102	mozrunner::runner	INFO	Running command: "/usr/bin/firefox" "-marionette" "-foreground" "-no-remote" "-profile" "/tmp/rust_mozprofilePhxjnh"
/usr/lib/firefox/browser/defaults/preferences/00parrot.js:30: prefs parse error: unexpected character
/usr/lib/firefox/browser/defaults/syspref/00parrot.js:30: prefs parse error: unexpected character
console.error: Enterprise Policies: 
  Error parsing JSON file
1631237443605	Marionette	INFO	Marionette enabled
console.warn: SearchSettings: "get: No settings file exists, new profile?" (new NotFoundError("Could not open the file at /tmp/rust_mozprofilePhxjnh/search.json.mozlz4", (void 0)))
1631237447336	Marionette	INFO	Listening on port 44285
1631237447797	Marionette	WARN	TLS certificate errors will be ignored for this session
1631237570867	Marionette	INFO	Stopped listening on port 44285
1631237572173	mozrunner::runner	INFO	Running command: "/usr/bin/firefox" "-marionette" "-foreground" "-no-remote" "-profile" "/tmp/rust_mozprofile9kn4xC"
/usr/lib/firefox/browser/defaults/preferences/00parrot.js:30: prefs parse error: unexpected character
/usr/lib/firefox/browser/defaults/syspref/00parrot.js:30: prefs parse error: unexpected character
console.error: Enterprise Policies: 
  Error parsing JSON file
1631237572663	Marionette	INFO	Marionette enabled
console.warn: SearchSettings: "get: No settings file exists, new profile?" (new NotFoundError("Could not open the file at /tmp/rust_mozprofile9kn4xC/search.json.mozlz4", (void 0)))
1631237577058	Marionette	INFO	Listening on port 38905
1631237577427	Marionette	WARN	TLS certificate errors will be ignored for this session
1631237600644	Marionette	INFO	Stopped listening on port 38905
1631237647304	mozrunner::runner	INFO	Running command: "/usr/bin/firefox" "-marionette" "-foreground" "-no-remote" "-profile" "/tmp/rust_mozprofile6ohHxG"
/usr/lib/firefox/browser/defaults/preferences/00parrot.js:30: prefs parse error: unexpected character
/usr/lib/firefox/browser/defaults/syspref/00parrot.js:30: prefs parse error: unexpected character
console.error: Enterprise Policies: 
  Error parsing JSON file
1631237647842	Marionette	INFO	Marionette enabled
console.warn: SearchSettings: "get: No settings file exists, new profile?" (new NotFoundError("Could not open the file at /tmp/rust_mozprofile6ohHxG/search.json.mozlz4", (void 0)))
1631237652004	Marionette	INFO	Listening on port 33405
1631237653932	Marionette	WARN	TLS certificate errors will be ignored for this session
1631237663043	Marionette	INFO	Stopped listening on port 33405
1631237752628	mozrunner::runner	INFO	Running command: "/usr/bin/firefox" "-marionette" "-foreground" "-no-remote" "-profile" "/tmp/rust_mozprofileFXg3n6"
/usr/lib/firefox/browser/defaults/preferences/00parrot.js:30: prefs parse error: unexpected character
/usr/lib/firefox/browser/defaults/syspref/00parrot.js:30: prefs parse error: unexpected character
console.error: Enterprise Policies: 
  Error parsing JSON file
1631237753126	Marionette	INFO	Marionette enabled
console.warn: SearchSettings: "get: No settings file exists, new profile?" (new NotFoundError("Could not open the file at /tmp/rust_mozprofileFXg3n6/search.json.mozlz4", (void 0)))
1631237756916	Marionette	INFO	Listening on port 35423
1631237757207	Marionette	WARN	TLS certificate errors will be ignored for this session
1631237802264	Marionette	INFO	Stopped listening on port 35423
1631237802734	mozrunner::runner	INFO	Running command: "/usr/bin/firefox" "-marionette" "-foreground" "-no-remote" "-profile" "/tmp/rust_mozprofileCFWgnI"
/usr/lib/firefox/browser/defaults/preferences/00parrot.js:30: prefs parse error: unexpected character
/usr/lib/firefox/browser/defaults/syspref/00parrot.js:30: prefs parse error: unexpected character
console.error: Enterprise Policies: 
  Error parsing JSON file
1631237803188	Marionette	INFO	Marionette enabled
console.warn: SearchSettings: "get: No settings file exists, new profile?" (new NotFoundError("Could not open the file at /tmp/rust_mozprofileCFWgnI/search.json.mozlz4", (void 0)))
1631237806756	Marionette	INFO	Listening on port 39597
1631237808251	Marionette	WARN	TLS certificate errors will be ignored for this session
1631237850975	Marionette	INFO	Stopped listening on port 39597
1631237920603	mozrunner::runner	INFO	Running command: "/usr/bin/firefox" "-marionette" "-foreground" "-no-remote" "-profile" "/tmp/rust_mozprofileILn00L"
/usr/lib/firefox/browser/defaults/preferences/00parrot.js:30: prefs parse error: unexpected character
/usr/lib/firefox/browser/defaults/syspref/00parrot.js:30: prefs parse error: unexpected character
console.error: Enterprise Policies: 
  Error parsing JSON file
1631237921068	Marionette	INFO	Marionette enabled
console.warn: SearchSettings: "get: No settings file exists, new profile?" (new NotFoundError("Could not open the file at /tmp/rust_mozprofileILn00L/search.json.mozlz4", (void 0)))
1631237924671	Marionette	INFO	Listening on port 33079
1631237924790	Marionette	WARN	TLS certificate errors will be ignored for this session
1631237997519	mozrunner::runner	INFO	Running command: "/usr/bin/firefox" "-marionette" "-foreground" "-no-remote" "-profile" "/tmp/rust_mozprofileCnxfg2"
/usr/lib/firefox/browser/defaults/preferences/00parrot.js:30: prefs parse error: unexpected character
/usr/lib/firefox/browser/defaults/syspref/00parrot.js:30: prefs parse error: unexpected character
console.error: Enterprise Policies: 
  Error parsing JSON file
1631237998045	Marionette	INFO	Marionette enabled
console.warn: SearchSettings: "get: No settings file exists, new profile?" (new NotFoundError("Could not open the file at /tmp/rust_mozprofileCnxfg2/search.json.mozlz4", (void 0)))
1631238002206	Marionette	INFO	Listening on port 41361
1631238002756	Marionette	WARN	TLS certificate errors will be ignored for this session
1631238009467	Marionette	INFO	Stopped listening on port 41361
1631238010997	Marionette	INFO	Stopped listening on port 33079
1631238219578	mozrunner::runner	INFO	Running command: "/usr/bin/firefox" "-marionette" "-foreground" "-no-remote" "-profile" "/tmp/rust_mozprofile3g4bym"
/usr/lib/firefox/browser/defaults/preferences/00parrot.js:30: prefs parse error: unexpected character
/usr/lib/firefox/browser/defaults/syspref/00parrot.js:30: prefs parse error: unexpected character
console.error: Enterprise Policies: 
  Error parsing JSON file
1631238220035	Marionette	INFO	Marionette enabled
console.warn: SearchSettings: "get: No settings file exists, new profile?" (new NotFoundError("Could not open the file at /tmp/rust_mozprofile3g4bym/search.json.mozlz4", (void 0)))
1631238224382	Marionette	INFO	Listening on port 41709
1631238225872	Marionette	WARN	TLS certificate errors will be ignored for this session
JavaScript error: resource://gre/modules/CrashManager.jsm, line 829: AbortError: IOUtils: Shutting down and refusing additional I/O tasks
1631238277215	Marionette	INFO	Stopped listening on port 41709

###!!! [Parent][RunMessage] Error: Channel closing: too late to send/recv, messages will be lost

1631238280009	mozrunner::runner	INFO	Running command: "/usr/bin/firefox" "-marionette" "-foreground" "-no-remote" "-profile" "/tmp/rust_mozprofileHdP79t"
/usr/lib/firefox/browser/defaults/preferences/00parrot.js:30: prefs parse error: unexpected character
/usr/lib/firefox/browser/defaults/syspref/00parrot.js:30: prefs parse error: unexpected character
console.error: Enterprise Policies: 
  Error parsing JSON file
1631238280526	Marionette	INFO	Marionette enabled
console.warn: SearchSettings: "get: No settings file exists, new profile?" (new NotFoundError("Could not open the file at /tmp/rust_mozprofileHdP79t/search.json.mozlz4", (void 0)))
1631238284316	Marionette	INFO	Listening on port 36589
1631238285782	Marionette	WARN	TLS certificate errors will be ignored for this session
1631238293327	Marionette	INFO	Stopped listening on port 36589
1631238313242	mozrunner::runner	INFO	Running command: "/usr/bin/firefox" "-marionette" "-foreground" "-no-remote" "-profile" "/tmp/rust_mozprofilexbJacM"
/usr/lib/firefox/browser/defaults/preferences/00parrot.js:30: prefs parse error: unexpected character
/usr/lib/firefox/browser/defaults/syspref/00parrot.js:30: prefs parse error: unexpected character
console.error: Enterprise Policies: 
  Error parsing JSON file
1631238313722	Marionette	INFO	Marionette enabled
console.warn: SearchSettings: "get: No settings file exists, new profile?" (new NotFoundError("Could not open the file at /tmp/rust_mozprofilexbJacM/search.json.mozlz4", (void 0)))
1631238317194	Marionette	INFO	Listening on port 40915
1631238318639	Marionette	WARN	TLS certificate errors will be ignored for this session
SourceActor threw an exception: [Exception... "Component returned failure code: 0x80470002 (NS_BASE_STREAM_CLOSED) [nsIInputStream.available]"  nsresult: "0x80470002 (NS_BASE_STREAM_CLOSED)"  location: "JS frame :: resource://devtools/shared/DevToolsUtils.js :: onResponse :: line 567"  data: no]
Stack: onResponse@resource://devtools/shared/DevToolsUtils.js:567:34
onStopRequest@resource://gre/modules/NetUtil.jsm:128:18
Line: 567, column: 0
console.error: ({})
JavaScript error: resource://devtools/shared/DevToolsUtils.js, line 567: NS_BASE_STREAM_CLOSED: Component returned failure code: 0x80470002 (NS_BASE_STREAM_CLOSED) [nsIInputStream.available]
1631238432902	mozrunner::runner	INFO	Running command: "/usr/bin/firefox" "-marionette" "-foreground" "-no-remote" "-profile" "/tmp/rust_mozprofileWcc0fl"
/usr/lib/firefox/browser/defaults/preferences/00parrot.js:30: prefs parse error: unexpected character
/usr/lib/firefox/browser/defaults/syspref/00parrot.js:30: prefs parse error: unexpected character
console.error: Enterprise Policies: 
  Error parsing JSON file
1631238433452	Marionette	INFO	Marionette enabled
console.warn: SearchSettings: "get: No settings file exists, new profile?" (new NotFoundError("Could not open the file at /tmp/rust_mozprofileWcc0fl/search.json.mozlz4", (void 0)))
1631238438395	Marionette	INFO	Stopped listening on port 40915

###!!! [Parent][RunMessage] Error: Channel closing: too late to send/recv, messages will be lost

1631238439165	Marionette	INFO	Listening on port 43673
1631238439463	Marionette	WARN	TLS certificate errors will be ignored for this session
1631238484051	mozrunner::runner	INFO	Running command: "/usr/bin/firefox" "-marionette" "-foreground" "-no-remote" "-profile" "/tmp/rust_mozprofiledfhPa4"
/usr/lib/firefox/browser/defaults/preferences/00parrot.js:30: prefs parse error: unexpected character
/usr/lib/firefox/browser/defaults/syspref/00parrot.js:30: prefs parse error: unexpected character
console.error: Enterprise Policies: 
  Error parsing JSON file
1631238484521	Marionette	INFO	Marionette enabled
console.warn: SearchSettings: "get: No settings file exists, new profile?" (new NotFoundError("Could not open the file at /tmp/rust_mozprofiledfhPa4/search.json.mozlz4", (void 0)))
1631238488794	Marionette	INFO	Stopped listening on port 43673
1631238488956	Marionette	INFO	Listening on port 36731
1631238489438	Marionette	WARN	TLS certificate errors will be ignored for this session

###!!! [Child][MessageChannel] Error: (msgtype=0x5C000D,name=PHttpChannel::Msg___delete__) Channel closing: too late to send/recv, messages will be lost

1631238812871	Marionette	INFO	Stopped listening on port 36731

###!!! [Parent][RunMessage] Error: Channel closing: too late to send/recv, messages will be lost

1631238881733	mozrunner::runner	INFO	Running command: "/usr/bin/firefox" "-marionette" "-foreground" "-no-remote" "-profile" "/tmp/rust_mozprofile8kijLv"
/usr/lib/firefox/browser/defaults/preferences/00parrot.js:30: prefs parse error: unexpected character
/usr/lib/firefox/browser/defaults/syspref/00parrot.js:30: prefs parse error: unexpected character
console.error: Enterprise Policies: 
  Error parsing JSON file
1631238882223	Marionette	INFO	Marionette enabled
console.warn: SearchSettings: "get: No settings file exists, new profile?" (new NotFoundError("Could not open the file at /tmp/rust_mozprofile8kijLv/search.json.mozlz4", (void 0)))
1631238886628	Marionette	INFO	Listening on port 33331
1631238888142	Marionette	WARN	TLS certificate errors will be ignored for this session
console.log: WebExtensions: reset-default-search: starting.
console.log: WebExtensions: reset-default-search: No addons in our list are installed.
SourceActor threw an exception: [Exception... "Component returned failure code: 0x80470002 (NS_BASE_STREAM_CLOSED) [nsIInputStream.available]"  nsresult: "0x80470002 (NS_BASE_STREAM_CLOSED)"  location: "JS frame :: resource://devtools/shared/DevToolsUtils.js :: onResponse :: line 567"  data: no]
Stack: onResponse@resource://devtools/shared/DevToolsUtils.js:567:34
onStopRequest@resource://gre/modules/NetUtil.jsm:128:18
Line: 567, column: 0
console.error: ({})
JavaScript error: resource://devtools/shared/DevToolsUtils.js, line 567: NS_BASE_STREAM_CLOSED: Component returned failure code: 0x80470002 (NS_BASE_STREAM_CLOSED) [nsIInputStream.available]
SourceActor threw an exception: [Exception... "Component returned failure code: 0x80470002 (NS_BASE_STREAM_CLOSED) [nsIInputStream.available]"  nsresult: "0x80470002 (NS_BASE_STREAM_CLOSED)"  location: "JS frame :: resource://devtools/shared/DevToolsUtils.js :: onResponse :: line 567"  data: no]
Stack: onResponse@resource://devtools/shared/DevToolsUtils.js:567:34
onStopRequest@resource://gre/modules/NetUtil.jsm:128:18
Line: 567, column: 0
console.error: ({})
JavaScript error: resource://devtools/shared/DevToolsUtils.js, line 567: NS_BASE_STREAM_CLOSED: Component returned failure code: 0x80470002 (NS_BASE_STREAM_CLOSED) [nsIInputStream.available]
1631239643155	Marionette	INFO	Stopped listening on port 33331
1631246509002	mozrunner::runner	INFO	Running command: "/usr/bin/firefox" "-marionette" "-foreground" "-no-remote" "-profile" "/tmp/rust_mozprofile7CNnRI"
/usr/lib/firefox/browser/defaults/preferences/00parrot.js:30: prefs parse error: unexpected character
/usr/lib/firefox/browser/defaults/syspref/00parrot.js:30: prefs parse error: unexpected character
console.error: Enterprise Policies: 
  Error parsing JSON file
1631246509839	Marionette	INFO	Marionette enabled
console.warn: SearchSettings: "get: No settings file exists, new profile?" (new NotFoundError("Could not open the file at /tmp/rust_mozprofile7CNnRI/search.json.mozlz4", (void 0)))
1631246516720	Marionette	INFO	Listening on port 36079
1631246517029	Marionette	WARN	TLS certificate errors will be ignored for this session
Exiting due to channel error.
Exiting due to channel error.
Exiting due to channel error.
